[0.031s] Invoking command in '/home/malik/interbotix_moveit/build/emse_rx150_benchmarks': CMAKE_PREFIX_PATH=${CMAKE_PREFIX_PATH}:/home/malik/interbotix_ws/install/interbotix_xs_modules:/home/malik/interbotix_ws/install/interbotix_perception_modules:/home/malik/interbotix_ws/install/interbotix_common_modules:/opt/ros/humble /usr/bin/cmake --build /home/malik/interbotix_moveit/build/emse_rx150_benchmarks -- -j4 -l4
[0.132s] [35m[1mConsolidate compiler generated dependencies of target benchmark[0m
[0.187s] [ 33%] Built target moveit_ros_benchmarks
[0.188s] [ 44%] [32mBuilding CXX object CMakeFiles/benchmark.dir/src/benchmark.cpp.o[0m
[0.282s] [ 66%] Built target moveit_combine_predefined_poses_benchmark
[0.290s] [ 88%] Built target moveit_run_benchmark
[7.338s] [01m[K/home/malik/interbotix_moveit/src/emse_rx150_benchmarks/src/benchmark.cpp:[m[K In constructor â€˜[01m[KMoveItBenchmark::MoveItBenchmark()[m[Kâ€™:
[7.338s] [01m[K/home/malik/interbotix_moveit/src/emse_rx150_benchmarks/src/benchmark.cpp:18:37:[m[K [01;31m[Kerror: [m[Ka function-definition is not allowed here before â€˜[01m[K{[m[Kâ€™ token
[7.338s]    18 |             void performBenchmark() [01;31m[K{[m[K
[7.338s]       |                                     [01;31m[K^[m[K
[7.338s] [01m[K/home/malik/interbotix_moveit/src/emse_rx150_benchmarks/src/benchmark.cpp:46:91:[m[K [01;31m[Kerror: [m[Ka function-definition is not allowed here before â€˜[01m[K{[m[Kâ€™ token
[7.338s]    46 |     double calculateTrajectoryLength(const moveit_msgs::msg::RobotTrajectory& trajectory) [01;31m[K{[m[K
[7.338s]       |                                                                                           [01;31m[K^[m[K
[7.345s] [01m[K/home/malik/interbotix_moveit/src/emse_rx150_benchmarks/src/benchmark.cpp:[m[K In function â€˜[01m[Kint main(int, char**)[m[Kâ€™:
[7.346s] [01m[K/home/malik/interbotix_moveit/src/emse_rx150_benchmarks/src/benchmark.cpp:121:11:[m[K [01;31m[Kerror: [m[Kâ€˜[01m[Kusing element_type = class MoveItBenchmark[m[Kâ€™ {aka â€˜[01m[Kclass MoveItBenchmark[m[Kâ€™} has no member named â€˜[01m[KperformBenchmark[m[Kâ€™
[7.346s]   121 |     node->[01;31m[KperformBenchmark[m[K();
[7.346s]       |           [01;31m[K^~~~~~~~~~~~~~~~[m[K
[10.872s] gmake[2]: *** [CMakeFiles/benchmark.dir/build.make:76: CMakeFiles/benchmark.dir/src/benchmark.cpp.o] Error 1
[10.872s] gmake[1]: *** [CMakeFiles/Makefile2:169: CMakeFiles/benchmark.dir/all] Error 2
[10.872s] gmake: *** [Makefile:146: all] Error 2
[10.876s] Invoked command in '/home/malik/interbotix_moveit/build/emse_rx150_benchmarks' returned '2': CMAKE_PREFIX_PATH=${CMAKE_PREFIX_PATH}:/home/malik/interbotix_ws/install/interbotix_xs_modules:/home/malik/interbotix_ws/install/interbotix_perception_modules:/home/malik/interbotix_ws/install/interbotix_common_modules:/opt/ros/humble /usr/bin/cmake --build /home/malik/interbotix_moveit/build/emse_rx150_benchmarks -- -j4 -l4
