-- The C compiler identification is GNU 11.4.0
-- The CXX compiler identification is GNU 11.4.0
-- Detecting C compiler ABI info
-- Detecting C compiler ABI info - done
-- Check for working C compiler: /usr/bin/cc - skipped
-- Detecting C compile features
-- Detecting C compile features - done
-- Detecting CXX compiler ABI info
-- Detecting CXX compiler ABI info - done
-- Check for working CXX compiler: /usr/bin/c++ - skipped
-- Detecting CXX compile features
-- Detecting CXX compile features - done
-- Found ament_cmake: 1.3.8 (/opt/ros/humble/share/ament_cmake/cmake)
-- Found Python3: /usr/bin/python3 (found version "3.10.12") found components: Interpreter 
-- Found moveit_ros_planning_interface: 2.5.5 (/opt/ros/humble/share/moveit_ros_planning_interface/cmake)
-- Found Boost: /usr/lib/x86_64-linux-gnu/cmake/Boost-1.74.0/BoostConfig.cmake (found version "1.74.0") found components: date_time filesystem program_options system thread 
-- Found rosidl_generator_c: 3.1.5 (/opt/ros/humble/share/rosidl_generator_c/cmake)
-- Found rosidl_adapter: 3.1.5 (/opt/ros/humble/share/rosidl_adapter/cmake)
-- Found rosidl_generator_cpp: 3.1.5 (/opt/ros/humble/share/rosidl_generator_cpp/cmake)
-- Using all available rosidl_typesupport_c: rosidl_typesupport_fastrtps_c;rosidl_typesupport_introspection_c
-- Using all available rosidl_typesupport_cpp: rosidl_typesupport_fastrtps_cpp;rosidl_typesupport_introspection_cpp
-- Found Boost: /usr/lib/x86_64-linux-gnu/cmake/Boost-1.74.0/BoostConfig.cmake (found version "1.74.0") found components: chrono date_time filesystem iostreams program_options regex serialization system thread 
-- Found parameter_traits: 0.3.8 (/opt/ros/humble/share/parameter_traits/cmake)
-- Found rmw_implementation_cmake: 6.1.1 (/opt/ros/humble/share/rmw_implementation_cmake/cmake)
-- Found rmw_fastrtps_cpp: 6.2.6 (/opt/ros/humble/share/rmw_fastrtps_cpp/cmake)
-- Found OpenSSL: /usr/lib/x86_64-linux-gnu/libcrypto.so (found version "3.0.2")  
-- Found FastRTPS: /opt/ros/humble/include  
-- Using RMW implementation 'rmw_fastrtps_cpp' as default
-- Found Threads: TRUE  
-- Found rclcpp_lifecycle: 16.0.8 (/opt/ros/humble/share/rclcpp_lifecycle/cmake)
-- Found Boost: /usr/lib/x86_64-linux-gnu/cmake/Boost-1.74.0/BoostConfig.cmake (found version "1.74.0") found components: filesystem 
-- library: /usr/lib/x86_64-linux-gnu/libcurl.so
-- Found Eigen3: TRUE (found version "3.4.0") 
-- Ensuring Eigen3 include directory is part of orocos-kdl CMake target
-- Found Boost: /usr/lib/x86_64-linux-gnu/cmake/Boost-1.74.0/BoostConfig.cmake (found version "1.74.0") found components: system filesystem date_time program_options thread chrono 
-- Found Boost: /usr/lib/x86_64-linux-gnu/cmake/Boost-1.74.0/BoostConfig.cmake (found version "1.74.0") found components: thread system filesystem regex date_time program_options 
-- Found Boost: /usr/lib/x86_64-linux-gnu/cmake/Boost-1.74.0/BoostConfig.cmake (found version "1.74.0") found components: system filesystem date_time program_options thread 
-- Found moveit: 2.5.5 (/opt/ros/humble/share/moveit/cmake)
-- Found emse_moveit_actions: 0.0.0 (/home/malik/interbotix_moveit/install/emse_moveit_actions/share/emse_moveit_actions/cmake)
-- Found ament_lint_auto: 0.12.10 (/opt/ros/humble/share/ament_lint_auto/cmake)
-- Added test 'copyright' to check source files copyright and LICENSE
-- Added test 'cppcheck' to perform static code analysis on C / C++ code
-- Configured cppcheck include dirs: $<BUILD_INTERFACE:/home/malik/interbotix_moveit/src/emse_reachpose/include>
-- Configured cppcheck exclude dirs and/or files: 
-- Added test 'flake8' to check Python code syntax and style conventions
-- Added test 'lint_cmake' to check CMake code style
-- Added test 'pep257' to check Python code against some of the docstring style conventions in PEP 257
-- Added test 'uncrustify' to check C / C++ code style
-- Configured uncrustify additional arguments: 
-- Added test 'xmllint' to check XML markup files
-- Configuring done
-- Generating done
-- Build files have been written to: /home/malik/interbotix_moveit/build/emse_reachpose
[ 16%] [32mBuilding CXX object CMakeFiles/reach_pose.dir/src/reach_pose.cpp.o[0m
[ 33%] [32mBuilding CXX object CMakeFiles/plan_pose.dir/src/reachpose_action_server.cpp.o[0m
[ 50%] [32mBuilding CXX object CMakeFiles/reachpose.dir/src/reachpose.cpp.o[0m
[01m[K/home/malik/interbotix_moveit/src/emse_reachpose/src/reachpose_action_server.cpp:14:21:[m[K [01;31m[Kerror: [m[Kâ€˜[01m[Kemse_reachpose[m[Kâ€™ does not name a type
   14 |   using ReachPose = [01;31m[Kemse_reachpose[m[K::action::ReachPose;
      |                     [01;31m[K^~~~~~~~~~~~~~[m[K
[01m[K/home/malik/interbotix_moveit/src/emse_reachpose/src/reachpose_action_server.cpp:15:63:[m[K [01;31m[Kerror: [m[Kâ€˜[01m[KReachPose[m[Kâ€™ was not declared in this scope; did you mean â€˜[01m[Kemse_moveit_actions::action::ReachPose[m[Kâ€™?
   15 |   using GoalHandleReachPose = rclcpp_action::ServerGoalHandle<[01;31m[KReachPose[m[K>;
      |                                                               [01;31m[K^~~~~~~~~[m[K
      |                                                               [32m[Kemse_moveit_actions::action::ReachPose[m[K
In file included from [01m[K/home/malik/interbotix_moveit/install/emse_moveit_actions/include/emse_moveit_actions/emse_moveit_actions/action/reach_pose.hpp:7[m[K,
                 from [01m[K/home/malik/interbotix_moveit/src/emse_reachpose/src/reachpose_action_server.cpp:9[m[K:
[01m[K/home/malik/interbotix_moveit/install/emse_moveit_actions/include/emse_moveit_actions/emse_moveit_actions/action/detail/reach_pose__struct.hpp:1118:26:[m[K [01;36m[Knote: [m[Kâ€˜[01m[Kemse_moveit_actions::action::ReachPose[m[Kâ€™ declared here
 1118 | typedef struct ReachPose [01;36m[KReachPose[m[K;
      |                          [01;36m[K^~~~~~~~~[m[K
[01m[K/home/malik/interbotix_moveit/src/emse_reachpose/src/reachpose_action_server.cpp:15:72:[m[K [01;31m[Kerror: [m[Ktemplate argument 1 is invalid
   15 |   using GoalHandleReachPose = rclcpp_action::ServerGoalHandle<ReachPose[01;31m[K>[m[K;
      |                                                                        [01;31m[K^[m[K
[01m[K/home/malik/interbotix_moveit/src/emse_reachpose/src/reachpose_action_server.cpp:35:25:[m[K [01;31m[Kerror: [m[Kâ€˜[01m[KReachPose[m[Kâ€™ was not declared in this scope; did you mean â€˜[01m[Kemse_moveit_actions::action::ReachPose[m[Kâ€™?
   35 |   rclcpp_action::Server<[01;31m[KReachPose[m[K>::SharedPtr action_server_;
      |                         [01;31m[K^~~~~~~~~[m[K
      |                         [32m[Kemse_moveit_actions::action::ReachPose[m[K
In file included from [01m[K/home/malik/interbotix_moveit/install/emse_moveit_actions/include/emse_moveit_actions/emse_moveit_actions/action/reach_pose.hpp:7[m[K,
                 from [01m[K/home/malik/interbotix_moveit/src/emse_reachpose/src/reachpose_action_server.cpp:9[m[K:
[01m[K/home/malik/interbotix_moveit/install/emse_moveit_actions/include/emse_moveit_actions/emse_moveit_actions/action/detail/reach_pose__struct.hpp:1118:26:[m[K [01;36m[Knote: [m[Kâ€˜[01m[Kemse_moveit_actions::action::ReachPose[m[Kâ€™ declared here
 1118 | typedef struct ReachPose [01;36m[KReachPose[m[K;
      |                          [01;36m[K^~~~~~~~~[m[K
[01m[K/home/malik/interbotix_moveit/src/emse_reachpose/src/reachpose_action_server.cpp:35:34:[m[K [01;31m[Kerror: [m[Ktemplate argument 1 is invalid
   35 |   rclcpp_action::Server<ReachPose[01;31m[K>[m[K::SharedPtr action_server_;
      |                                  [01;31m[K^[m[K
[01m[K/home/malik/interbotix_moveit/src/emse_reachpose/src/reachpose_action_server.cpp:35:37:[m[K [01;31m[Kerror: [m[Kexpected â€˜[01m[K;[m[Kâ€™ at end of member declaration
   35 |   rclcpp_action::Server<ReachPose>::[01;31m[KSharedPtr[m[K action_server_;
      |                                     [01;31m[K^~~~~~~~~[m[K
      |                                              [32m[K;[m[K
[01m[K/home/malik/interbotix_moveit/src/emse_reachpose/src/reachpose_action_server.cpp:35:47:[m[K [01;31m[Kerror: [m[Kâ€˜[01m[Kaction_server_[m[Kâ€™ does not name a type; did you mean â€˜[01m[Krcl_action_server_t[m[Kâ€™?
   35 |   rclcpp_action::Server<ReachPose>::SharedPtr [01;31m[Kaction_server_[m[K;
      |                                               [01;31m[K^~~~~~~~~~~~~~[m[K
      |                                               [32m[Krcl_action_server_t[m[K
[01m[K/home/malik/interbotix_moveit/src/emse_reachpose/src/reachpose_action_server.cpp:40:36:[m[K [01;31m[Kerror: [m[KISO C++ forbids declaration of â€˜[01m[Ktype name[m[Kâ€™ with no type [[01;31m[K]8;;https://gcc.gnu.org/onlinedocs/gcc/Warning-Options.html#index-fpermissive-fpermissive]8;;[m[K]
   40 |     std::shared_ptr<const ReachPose[01;31m[K::[m[KGoal> goal)
      |                                    [01;31m[K^~[m[K
[01m[K/home/malik/interbotix_moveit/src/emse_reachpose/src/reachpose_action_server.cpp:40:42:[m[K [01;31m[Kerror: [m[Ktemplate argument 1 is invalid
   40 |     std::shared_ptr<const ReachPose::Goal[01;31m[K>[m[K goal)
      |                                          [01;31m[K^[m[K
[01m[K/home/malik/interbotix_moveit/src/emse_reachpose/src/reachpose_action_server.cpp:40:36:[m[K [01;31m[Kerror: [m[KISO C++ forbids declaration of â€˜[01m[Ktype name[m[Kâ€™ with no type [[01;31m[K]8;;https://gcc.gnu.org/onlinedocs/gcc/Warning-Options.html#index-fpermissive-fpermissive]8;;[m[K]
   40 |     std::shared_ptr<const ReachPose[01;31m[K::[m[KGoal> goal)
      |                                    [01;31m[K^~[m[K
[01m[K/home/malik/interbotix_moveit/src/emse_reachpose/src/reachpose_action_server.cpp:40:42:[m[K [01;31m[Kerror: [m[Ktemplate argument 1 is invalid
   40 |     std::shared_ptr<const ReachPose::Goal[01;31m[K>[m[K goal)
      |                                          [01;31m[K^[m[K
[01m[K/home/malik/interbotix_moveit/src/emse_reachpose/src/reachpose_action_server.cpp:40:36:[m[K [01;31m[Kerror: [m[KISO C++ forbids declaration of â€˜[01m[Ktype name[m[Kâ€™ with no type [[01;31m[K]8;;https://gcc.gnu.org/onlinedocs/gcc/Warning-Options.html#index-fpermissive-fpermissive]8;;[m[K]
   40 |     std::shared_ptr<const ReachPose[01;31m[K::[m[KGoal> goal)
      |                                    [01;31m[K^~[m[K
[01m[K/home/malik/interbotix_moveit/src/emse_reachpose/src/reachpose_action_server.cpp:40:42:[m[K [01;31m[Kerror: [m[Ktemplate argument 1 is invalid
   40 |     std::shared_ptr<const ReachPose::Goal[01;31m[K>[m[K goal)
      |                                          [01;31m[K^[m[K
[01m[K/home/malik/interbotix_moveit/src/emse_reachpose/src/reachpose_action_server.cpp:40:5:[m[K [01;31m[Kerror: [m[Kinvalid template-id
   40 |     [01;31m[Kstd[m[K::shared_ptr<const ReachPose::Goal> goal)
      |     [01;31m[K^~~[m[K
[01m[K/home/malik/interbotix_moveit/src/emse_reachpose/src/reachpose_action_server.cpp:40:36:[m[K [01;31m[Kerror: [m[KISO C++ forbids declaration of â€˜[01m[Ktype name[m[Kâ€™ with no type [[01;31m[K]8;;https://gcc.gnu.org/onlinedocs/gcc/Warning-Options.html#index-fpermissive-fpermissive]8;;[m[K]
   40 |     std::shared_ptr<const ReachPose[01;31m[K::[m[KGoal> goal)
      |                                    [01;31m[K^~[m[K
[01m[K/home/malik/interbotix_moveit/src/emse_reachpose/src/reachpose_action_server.cpp:40:21:[m[K [01;31m[Kerror: [m[Kexpected primary-expression before â€˜[01m[Kconst[m[Kâ€™
   40 |     std::shared_ptr<[01;31m[Kconst[m[K ReachPose::Goal> goal)
      |                     [01;31m[K^~~~~[m[K
[01m[K/home/malik/interbotix_moveit/src/emse_reachpose/src/reachpose_action_server.cpp:40:21:[m[K [01;31m[Kerror: [m[Kexpected â€˜[01m[K>[m[Kâ€™ before â€˜[01m[Kconst[m[Kâ€™
[01m[K/home/malik/interbotix_moveit/src/emse_reachpose/src/reachpose_action_server.cpp:40:5:[m[K [01;31m[Kerror: [m[Kclass template placeholder â€˜[01m[Kstd::shared_ptr[m[Kâ€™ not permitted in this context
   40 |     [01;31m[Kstd[m[K::shared_ptr<const ReachPose::Goal> goal)
      |     [01;31m[K^~~[m[K
[01m[K/home/malik/interbotix_moveit/src/emse_reachpose/src/reachpose_action_server.cpp:50:27:[m[K [01;31m[Kerror: [m[Kâ€˜[01m[KGoalHandleReachPose[m[Kâ€™ was not declared in this scope
   50 |     const std::shared_ptr<[01;31m[KGoalHandleReachPose[m[K> /*goal_handle*/)
      |                           [01;31m[K^~~~~~~~~~~~~~~~~~~[m[K
[01m[K/home/malik/interbotix_moveit/src/emse_reachpose/src/reachpose_action_server.cpp:50:46:[m[K [01;31m[Kerror: [m[Ktemplate argument 1 is invalid
   50 |     const std::shared_ptr<GoalHandleReachPose[01;31m[K>[m[K /*goal_handle*/)
      |                                              [01;31m[K^[m[K
[01m[K/home/malik/interbotix_moveit/src/emse_reachpose/src/reachpose_action_server.cpp:56:46:[m[K [01;31m[Kerror: [m[Kâ€˜[01m[KGoalHandleReachPose[m[Kâ€™ was not declared in this scope
   56 |   void handle_accepted(const std::shared_ptr<[01;31m[KGoalHandleReachPose[m[K> goal_handle)
      |                                              [01;31m[K^~~~~~~~~~~~~~~~~~~[m[K
[01m[K/home/malik/interbotix_moveit/src/emse_reachpose/src/reachpose_action_server.cpp:56:65:[m[K [01;31m[Kerror: [m[Ktemplate argument 1 is invalid
   56 |   void handle_accepted(const std::shared_ptr<GoalHandleReachPose[01;31m[K>[m[K goal_handle)
      |                                                                 [01;31m[K^[m[K
[01m[K/home/malik/interbotix_moveit/src/emse_reachpose/src/reachpose_action_server.cpp:61:38:[m[K [01;31m[Kerror: [m[Kâ€˜[01m[KGoalHandleReachPose[m[Kâ€™ was not declared in this scope
   61 |   void execute(const std::shared_ptr<[01;31m[KGoalHandleReachPose[m[K> goal_handle)
      |                                      [01;31m[K^~~~~~~~~~~~~~~~~~~[m[K
[01m[K/home/malik/interbotix_moveit/src/emse_reachpose/src/reachpose_action_server.cpp:61:57:[m[K [01;31m[Kerror: [m[Ktemplate argument 1 is invalid
   61 |   void execute(const std::shared_ptr<GoalHandleReachPose[01;31m[K>[m[K goal_handle)
      |                                                         [01;31m[K^[m[K
[01m[K/home/malik/interbotix_moveit/src/emse_reachpose/src/reachpose_action_server.cpp:[m[K In constructor â€˜[01m[KReachPoseActionServer::ReachPoseActionServer()[m[Kâ€™:
[01m[K/home/malik/interbotix_moveit/src/emse_reachpose/src/reachpose_action_server.cpp:23:5:[m[K [01;31m[Kerror: [m[Kâ€˜[01m[Kaction_server_[m[Kâ€™ was not declared in this scope; did you mean â€˜[01m[Krcl_action_server_t[m[Kâ€™?
   23 |     [01;31m[Kaction_server_[m[K = rclcpp_action::create_server<ReachPose>(
      |     [01;31m[K^~~~~~~~~~~~~~[m[K
      |     [32m[Krcl_action_server_t[m[K
[01m[K/home/malik/interbotix_moveit/src/emse_reachpose/src/reachpose_action_server.cpp:23:51:[m[K [01;31m[Kerror: [m[Kâ€˜[01m[KReachPose[m[Kâ€™ was not declared in this scope; did you mean â€˜[01m[Kemse_moveit_actions::action::ReachPose[m[Kâ€™?
   23 |     action_server_ = rclcpp_action::create_server<[01;31m[KReachPose[m[K>(
      |                                                   [01;31m[K^~~~~~~~~[m[K
      |                                                   [32m[Kemse_moveit_actions::action::ReachPose[m[K
In file included from [01m[K/home/malik/interbotix_moveit/install/emse_moveit_actions/include/emse_moveit_actions/emse_moveit_actions/action/reach_pose.hpp:7[m[K,
                 from [01m[K/home/malik/interbotix_moveit/src/emse_reachpose/src/reachpose_action_server.cpp:9[m[K:
[01m[K/home/malik/interbotix_moveit/install/emse_moveit_actions/include/emse_moveit_actions/emse_moveit_actions/action/detail/reach_pose__struct.hpp:1118:26:[m[K [01;36m[Knote: [m[Kâ€˜[01m[Kemse_moveit_actions::action::ReachPose[m[Kâ€™ declared here
 1118 | typedef struct ReachPose [01;36m[KReachPose[m[K;
      |                          [01;36m[K^~~~~~~~~[m[K
[01m[K/home/malik/interbotix_moveit/src/emse_reachpose/src/reachpose_action_server.cpp:23:61:[m[K [01;31m[Kerror: [m[Kno matching function for call to â€˜[01m[Kcreate_server<<expression error> >(ReachPoseActionServer*, const char [10], std::_Bind_helper<false, rclcpp_action::GoalResponse (ReachPoseActionServer::*)(...), ReachPoseActionServer*, const std::_Placeholder<1>&, const std::_Placeholder<2>&>::type, std::_Bind_helper<false, rclcpp_action::CancelResponse (ReachPoseActionServer::*)(int), ReachPoseActionServer*, const std::_Placeholder<1>&>::type, std::_Bind_helper<false, void (ReachPoseActionServer::*)(int), ReachPoseActionServer*, const std::_Placeholder<1>&>::type)[m[Kâ€™
   23 |     action_server_ = [01;31m[Krclcpp_action::create_server<ReachPose>([m[K
      |                      [01;31m[K~~~~~~~~~~~~~~~~~~~~~~~~~~~~~~~~~~~~~~~^[m[K
   24 | [01;31m[K      this,[m[K
      |       [01;31m[K~~~~~[m[K                                                  
   25 | [01;31m[K      "plan_pose",[m[K
      |       [01;31m[K~~~~~~~~~~~~[m[K                                           
   26 | [01;31m[K      std::bind(&ReachPoseActionServer::handle_goal, this, _1, _2),[m[K
      |       [01;31m[K~~~~~~~~~~~~~~~~~~~~~~~~~~~~~~~~~~~~~~~~~~~~~~~~~~~~~~~~~~~~~[m[K
   27 | [01;31m[K      std::bind(&ReachPoseActionServer::handle_cancel, this, _1),[m[K
      |       [01;31m[K~~~~~~~~~~~~~~~~~~~~~~~~~~~~~~~~~~~~~~~~~~~~~~~~~~~~~~~~~~~[m[K
   28 | [01;31m[K      std::bind(&ReachPoseActionServer::handle_accepted, this, _1))[m[K;
      |       [01;31m[K~~~~~~~~~~~~~~~~~~~~~~~~~~~~~~~~~~~~~~~~~~~~~~~~~~~~~~~~~~~~~[m[K
In file included from [01m[K/opt/ros/humble/include/rclcpp_action/rclcpp_action/rclcpp_action.hpp:39[m[K,
                 from [01m[K/home/malik/interbotix_moveit/src/emse_reachpose/src/reachpose_action_server.cpp:3[m[K:
[01m[K/opt/ros/humble/include/rclcpp_action/rclcpp_action/create_server.hpp:58:1:[m[K [01;36m[Knote: [m[Kcandidate: â€˜[01m[Ktemplate<class ActionT> typename rclcpp_action::Server<ActionT>::SharedPtr rclcpp_action::create_server(rclcpp::node_interfaces::NodeBaseInterface::SharedPtr, rclcpp::node_interfaces::NodeClockInterface::SharedPtr, rclcpp::node_interfaces::NodeLoggingInterface::SharedPtr, rclcpp::node_interfaces::NodeWaitablesInterface::SharedPtr, const string&, typename rclcpp_action::Server<ActionT>::GoalCallback, typename rclcpp_action::Server<ActionT>::CancelCallback, typename rclcpp_action::Server<ActionT>::AcceptedCallback, const rcl_action_server_options_t&, rclcpp::CallbackGroup::SharedPtr)[m[Kâ€™
   58 | [01;36m[Kcreate_server[m[K(
      | [01;36m[K^~~~~~~~~~~~~[m[K
[01m[K/opt/ros/humble/include/rclcpp_action/rclcpp_action/create_server.hpp:58:1:[m[K [01;36m[Knote: [m[K  template argument deduction/substitution failed:
[01m[K/home/malik/interbotix_moveit/src/emse_reachpose/src/reachpose_action_server.cpp:23:61:[m[K [01;31m[Kerror: [m[Ktemplate argument 1 is invalid
   23 |     action_server_ = [01;31m[Krclcpp_action::create_server<ReachPose>([m[K
      |                      [01;31m[K~~~~~~~~~~~~~~~~~~~~~~~~~~~~~~~~~~~~~~~^[m[K
   24 | [01;31m[K      this,[m[K
      |       [01;31m[K~~~~~[m[K                                                  
   25 | [01;31m[K      "plan_pose",[m[K
      |       [01;31m[K~~~~~~~~~~~~[m[K                                           
   26 | [01;31m[K      std::bind(&ReachPoseActionServer::handle_goal, this, _1, _2),[m[K
      |       [01;31m[K~~~~~~~~~~~~~~~~~~~~~~~~~~~~~~~~~~~~~~~~~~~~~~~~~~~~~~~~~~~~~[m[K
   27 | [01;31m[K      std::bind(&ReachPoseActionServer::handle_cancel, this, _1),[m[K
      |       [01;31m[K~~~~~~~~~~~~~~~~~~~~~~~~~~~~~~~~~~~~~~~~~~~~~~~~~~~~~~~~~~~[m[K
   28 | [01;31m[K      std::bind(&ReachPoseActionServer::handle_accepted, this, _1))[m[K;
      |       [01;31m[K~~~~~~~~~~~~~~~~~~~~~~~~~~~~~~~~~~~~~~~~~~~~~~~~~~~~~~~~~~~~~[m[K
In file included from [01m[K/opt/ros/humble/include/rclcpp_action/rclcpp_action/rclcpp_action.hpp:39[m[K,
                 from [01m[K/home/malik/interbotix_moveit/src/emse_reachpose/src/reachpose_action_server.cpp:3[m[K:
[01m[K/opt/ros/humble/include/rclcpp_action/rclcpp_action/create_server.hpp:132:1:[m[K [01;36m[Knote: [m[Kcandidate: â€˜[01m[Ktemplate<class ActionT, class NodeT> typename rclcpp_action::Server<ActionT>::SharedPtr rclcpp_action::create_server(NodeT, const string&, typename rclcpp_action::Server<ActionT>::GoalCallback, typename rclcpp_action::Server<ActionT>::CancelCallback, typename rclcpp_action::Server<ActionT>::AcceptedCallback, const rcl_action_server_options_t&, rclcpp::CallbackGroup::SharedPtr)[m[Kâ€™
  132 | [01;36m[Kcreate_server[m[K(
      | [01;36m[K^~~~~~~~~~~~~[m[K
[01m[K/opt/ros/humble/include/rclcpp_action/rclcpp_action/create_server.hpp:132:1:[m[K [01;36m[Knote: [m[K  template argument deduction/substitution failed:
[01m[K/home/malik/interbotix_moveit/src/emse_reachpose/src/reachpose_action_server.cpp:23:61:[m[K [01;31m[Kerror: [m[Ktemplate argument 1 is invalid
   23 |     action_server_ = [01;31m[Krclcpp_action::create_server<ReachPose>([m[K
      |                      [01;31m[K~~~~~~~~~~~~~~~~~~~~~~~~~~~~~~~~~~~~~~~^[m[K
   24 | [01;31m[K      this,[m[K
      |       [01;31m[K~~~~~[m[K                                                  
   25 | [01;31m[K      "plan_pose",[m[K
      |       [01;31m[K~~~~~~~~~~~~[m[K                                           
   26 | [01;31m[K      std::bind(&ReachPoseActionServer::handle_goal, this, _1, _2),[m[K
      |       [01;31m[K~~~~~~~~~~~~~~~~~~~~~~~~~~~~~~~~~~~~~~~~~~~~~~~~~~~~~~~~~~~~~[m[K
   27 | [01;31m[K      std::bind(&ReachPoseActionServer::handle_cancel, this, _1),[m[K
      |       [01;31m[K~~~~~~~~~~~~~~~~~~~~~~~~~~~~~~~~~~~~~~~~~~~~~~~~~~~~~~~~~~~[m[K
   28 | [01;31m[K      std::bind(&ReachPoseActionServer::handle_accepted, this, _1))[m[K;
      |       [01;31m[K~~~~~~~~~~~~~~~~~~~~~~~~~~~~~~~~~~~~~~~~~~~~~~~~~~~~~~~~~~~~~[m[K
In file included from [01m[K/opt/ros/humble/include/rclcpp/rclcpp/logging.hpp:24[m[K,
                 from [01m[K/opt/ros/humble/include/rclcpp/rclcpp/client.hpp:40[m[K,
                 from [01m[K/opt/ros/humble/include/rclcpp/rclcpp/callback_group.hpp:24[m[K,
                 from [01m[K/opt/ros/humble/include/rclcpp/rclcpp/any_executable.hpp:20[m[K,
                 from [01m[K/opt/ros/humble/include/rclcpp/rclcpp/memory_strategy.hpp:25[m[K,
                 from [01m[K/opt/ros/humble/include/rclcpp/rclcpp/memory_strategies.hpp:18[m[K,
                 from [01m[K/opt/ros/humble/include/rclcpp/rclcpp/executor_options.hpp:20[m[K,
                 from [01m[K/opt/ros/humble/include/rclcpp/rclcpp/executor.hpp:37[m[K,
                 from [01m[K/opt/ros/humble/include/rclcpp/rclcpp/executors/multi_threaded_executor.hpp:25[m[K,
                 from [01m[K/opt/ros/humble/include/rclcpp/rclcpp/executors.hpp:21[m[K,
                 from [01m[K/opt/ros/humble/include/rclcpp/rclcpp/rclcpp.hpp:155[m[K,
                 from [01m[K/home/malik/interbotix_moveit/src/emse_reachpose/src/reachpose_action_server.cpp:2[m[K:
[01m[K/home/malik/interbotix_moveit/src/emse_reachpose/src/reachpose_action_server.cpp:[m[K In member function â€˜[01m[Krclcpp_action::GoalResponse ReachPoseActionServer::handle_goal(...)[m[Kâ€™:
[01m[K/home/malik/interbotix_moveit/src/emse_reachpose/src/reachpose_action_server.cpp:43:7:[m[K [01;31m[Kerror: [m[Kâ€˜[01m[Kgoal[m[Kâ€™ was not declared in this scope
   43 |       [01;31m[Kgoal[m[K->target_pose.position.x,
      |       [01;31m[K^~~~[m[K
[01m[K/home/malik/interbotix_moveit/src/emse_reachpose/src/reachpose_action_server.cpp:[m[K In member function â€˜[01m[Kvoid ReachPoseActionServer::execute(int)[m[Kâ€™:
[01m[K/home/malik/interbotix_moveit/src/emse_reachpose/src/reachpose_action_server.cpp:64:34:[m[K [01;31m[Kerror: [m[Kbase operand of â€˜[01m[K->[m[Kâ€™ is not a pointer
   64 |     const auto goal = goal_handle[01;31m[K->[m[Kget_goal();
      |                                  [01;31m[K^~[m[K
[01m[K/home/malik/interbotix_moveit/src/emse_reachpose/src/reachpose_action_server.cpp:76:36:[m[K [01;31m[Kerror: [m[Kâ€˜[01m[KReachPose[m[Kâ€™ was not declared in this scope; did you mean â€˜[01m[Kemse_moveit_actions::action::ReachPose[m[Kâ€™?
   76 |     auto result = std::make_shared<[01;31m[KReachPose[m[K::Result>();
      |                                    [01;31m[K^~~~~~~~~[m[K
      |                                    [32m[Kemse_moveit_actions::action::ReachPose[m[K
In file included from [01m[K/home/malik/interbotix_moveit/install/emse_moveit_actions/include/emse_moveit_actions/emse_moveit_actions/action/reach_pose.hpp:7[m[K,
                 from [01m[K/home/malik/interbotix_moveit/src/emse_reachpose/src/reachpose_action_server.cpp:9[m[K:
[01m[K/home/malik/interbotix_moveit/install/emse_moveit_actions/include/emse_moveit_actions/emse_moveit_actions/action/detail/reach_pose__struct.hpp:1118:26:[m[K [01;36m[Knote: [m[Kâ€˜[01m[Kemse_moveit_actions::action::ReachPose[m[Kâ€™ declared here
 1118 | typedef struct ReachPose [01;36m[KReachPose[m[K;
      |                          [01;36m[K^~~~~~~~~[m[K
[01m[K/home/malik/interbotix_moveit/src/emse_reachpose/src/reachpose_action_server.cpp:76:24:[m[K [01;31m[Kerror: [m[Kparse error in template argument list
   76 |     auto result = std::[01;31m[Kmake_shared<ReachPose::Result>[m[K();
      |                        [01;31m[K^~~~~~~~~~~~~~~~~~~~~~~~~~~~~~[m[K
[01m[K/home/malik/interbotix_moveit/src/emse_reachpose/src/reachpose_action_server.cpp:76:54:[m[K [01;31m[Kerror: [m[Kno matching function for call to â€˜[01m[Kmake_shared<<expression error> >()[m[Kâ€™
   76 |     auto result = [01;31m[Kstd::make_shared<ReachPose::Result>()[m[K;
      |                   [01;31m[K~~~~~~~~~~~~~~~~~~~~~~~~~~~~~~~~~~~^~[m[K
In file included from [01m[K/usr/include/c++/11/memory:77[m[K,
                 from [01m[K/home/malik/interbotix_moveit/src/emse_reachpose/src/reachpose_action_server.cpp:1[m[K:
[01m[K/usr/include/c++/11/bits/shared_ptr.h:875:5:[m[K [01;36m[Knote: [m[Kcandidate: â€˜[01m[Ktemplate<class _Tp, class ... _Args> std::shared_ptr<_Tp> std::make_shared(_Args&& ...)[m[Kâ€™
  875 |     [01;36m[Kmake_shared[m[K(_Args&&... __args)
      |     [01;36m[K^~~~~~~~~~~[m[K
[01m[K/usr/include/c++/11/bits/shared_ptr.h:875:5:[m[K [01;36m[Knote: [m[K  template argument deduction/substitution failed:
[01m[K/home/malik/interbotix_moveit/src/emse_reachpose/src/reachpose_action_server.cpp:76:54:[m[K [01;31m[Kerror: [m[Ktemplate argument 1 is invalid
   76 |     auto result = [01;31m[Kstd::make_shared<ReachPose::Result>()[m[K;
      |                   [01;31m[K~~~~~~~~~~~~~~~~~~~~~~~~~~~~~~~~~~~^~[m[K
[01m[K/home/malik/interbotix_moveit/src/emse_reachpose/src/reachpose_action_server.cpp:85:18:[m[K [01;31m[Kerror: [m[Kbase operand of â€˜[01m[K->[m[Kâ€™ is not a pointer
   85 |       goal_handle[01;31m[K->[m[Ksucceed(result);
      |                  [01;31m[K^~[m[K
[01m[K/home/malik/interbotix_moveit/src/emse_reachpose/src/reachpose_action_server.cpp:90:18:[m[K [01;31m[Kerror: [m[Kbase operand of â€˜[01m[K->[m[Kâ€™ is not a pointer
   90 |       goal_handle[01;31m[K->[m[Kabort(result);
      |                  [01;31m[K^~[m[K
gmake[2]: *** [CMakeFiles/plan_pose.dir/build.make:76: CMakeFiles/plan_pose.dir/src/reachpose_action_server.cpp.o] Error 1
gmake[1]: *** [CMakeFiles/Makefile2:193: CMakeFiles/plan_pose.dir/all] Error 2
gmake[1]: *** Waiting for unfinished jobs....
[ 66%] [32m[1mLinking CXX executable reachpose[0m
[ 83%] [32m[1mLinking CXX executable reach_pose[0m
[ 83%] Built target reachpose
[ 83%] Built target reach_pose
gmake: *** [Makefile:146: all] Error 2
