[35m[1mConsolidate compiler generated dependencies of target benchmark[0m
[ 33%] Built target moveit_ros_benchmarks
[ 44%] [32mBuilding CXX object CMakeFiles/benchmark.dir/src/benchmark.cpp.o[0m
[ 66%] Built target moveit_combine_predefined_poses_benchmark
[ 88%] Built target moveit_run_benchmark
[01m[K/home/malik/interbotix_moveit/src/emse_rx150_benchmarks/src/benchmark.cpp:[m[K In function â€˜[01m[Kint main(int, char**)[m[Kâ€™:
[01m[K/home/malik/interbotix_moveit/src/emse_rx150_benchmarks/src/benchmark.cpp:119:27:[m[K [01;31m[Kerror: [m[Kâ€˜[01m[Kvoid MoveItBenchmark::performBenchmark()[m[Kâ€™ is private within this context
  119 |     [01;31m[Knode->performBenchmark()[m[K;
      |     [01;31m[K~~~~~~~~~~~~~~~~~~~~~~^~[m[K
[01m[K/home/malik/interbotix_moveit/src/emse_rx150_benchmarks/src/benchmark.cpp:70:10:[m[K [01;36m[Knote: [m[Kdeclared private here
   70 |     void [01;36m[KperformBenchmark[m[K() {
      |          [01;36m[K^~~~~~~~~~~~~~~~[m[K
gmake[2]: *** [CMakeFiles/benchmark.dir/build.make:76: CMakeFiles/benchmark.dir/src/benchmark.cpp.o] Error 1
gmake[1]: *** [CMakeFiles/Makefile2:169: CMakeFiles/benchmark.dir/all] Error 2
gmake: *** [Makefile:146: all] Error 2
