[0.023s] Invoking command in '/home/malik/interbotix_moveit/build/emse_rx150_benchmarks': CMAKE_PREFIX_PATH=${CMAKE_PREFIX_PATH}:/home/malik/interbotix_ws/install/interbotix_xs_modules:/home/malik/interbotix_ws/install/interbotix_perception_modules:/home/malik/interbotix_ws/install/interbotix_common_modules:/opt/ros/humble /usr/bin/cmake --build /home/malik/interbotix_moveit/build/emse_rx150_benchmarks -- -j4 -l4
[0.072s] -- Found moveit_common: 2.5.5 (/opt/ros/humble/share/moveit_common/cmake)
[0.073s] -- Found ament_cmake: 1.3.8 (/opt/ros/humble/share/ament_cmake/cmake)
[0.386s] -- Could NOT find libbfd (missing: LIBBFD_LIBRARY LIBBFD_INCLUDE_DIR) 
[0.386s] -- BACKWARD_HAS_UNWIND=1
[0.386s] -- BACKWARD_HAS_BACKTRACE=0
[0.386s] -- BACKWARD_HAS_BACKTRACE_SYMBOL=0
[0.387s] -- BACKWARD_HAS_DW=1
[0.387s] -- BACKWARD_HAS_BFD=0
[0.388s] -- Found Backward: /opt/ros/humble/share/backward_ros/cmake  
[0.389s] [0memse_rx150_benchmarks: You did not request a specific build type: Choosing 'Release' for maximum performance[0m
[0.390s] -- Found rclcpp: 16.0.8 (/opt/ros/humble/share/rclcpp/cmake)
[0.424s] -- Found rosidl_generator_c: 3.1.5 (/opt/ros/humble/share/rosidl_generator_c/cmake)
[0.429s] -- Found rosidl_adapter: 3.1.5 (/opt/ros/humble/share/rosidl_adapter/cmake)
[0.439s] -- Found rosidl_generator_cpp: 3.1.5 (/opt/ros/humble/share/rosidl_generator_cpp/cmake)
[0.457s] -- Using all available rosidl_typesupport_c: rosidl_typesupport_fastrtps_c;rosidl_typesupport_introspection_c
[0.480s] -- Using all available rosidl_typesupport_cpp: rosidl_typesupport_fastrtps_cpp;rosidl_typesupport_introspection_cpp
[0.573s] -- Found rmw_implementation_cmake: 6.1.1 (/opt/ros/humble/share/rmw_implementation_cmake/cmake)
[0.578s] -- Found rmw_fastrtps_cpp: 6.2.6 (/opt/ros/humble/share/rmw_fastrtps_cpp/cmake)
[0.795s] -- Using RMW implementation 'rmw_fastrtps_cpp' as default
[1.030s] -- Found tf2_eigen: 0.25.6 (/opt/ros/humble/share/tf2_eigen/cmake)
[1.614s] -- Found moveit_core: 2.5.5 (/opt/ros/humble/share/moveit_core/cmake)
[1.636s] -- Found Boost: /usr/lib/x86_64-linux-gnu/cmake/Boost-1.74.0/BoostConfig.cmake (found version "1.74.0") found components: chrono date_time filesystem iostreams program_options regex serialization system thread 
[1.648s] -- Found parameter_traits: 0.3.8 (/opt/ros/humble/share/parameter_traits/cmake)
[1.667s] -- Found rclcpp_lifecycle: 16.0.8 (/opt/ros/humble/share/rclcpp_lifecycle/cmake)
[1.729s] -- Found Boost: /usr/lib/x86_64-linux-gnu/cmake/Boost-1.74.0/BoostConfig.cmake (found version "1.74.0") found components: filesystem 
[1.796s] -- library: /usr/lib/x86_64-linux-gnu/libcurl.so
[2.262s] -- Ensuring Eigen3 include directory is part of orocos-kdl CMake target
[3.384s] -- Found moveit_ros_planning: 2.5.5 (/opt/ros/humble/share/moveit_ros_planning/cmake)
[3.391s] -- Found Boost: /usr/lib/x86_64-linux-gnu/cmake/Boost-1.74.0/BoostConfig.cmake (found version "1.74.0") found components: system filesystem date_time program_options thread chrono 
[4.060s] -- Found moveit_ros_warehouse: 2.5.5 (/opt/ros/humble/share/moveit_ros_warehouse/cmake)
[4.068s] -- Found Boost: /usr/lib/x86_64-linux-gnu/cmake/Boost-1.74.0/BoostConfig.cmake (found version "1.74.0") found components: thread system filesystem regex date_time program_options 
[4.414s] -- Found moveit_ros_planning_interface: 2.5.5 (/opt/ros/humble/share/moveit_ros_planning_interface/cmake)
[4.421s] -- Found Boost: /usr/lib/x86_64-linux-gnu/cmake/Boost-1.74.0/BoostConfig.cmake (found version "1.74.0") found components: date_time filesystem program_options system thread 
[4.760s] -- Found Boost: /usr/lib/x86_64-linux-gnu/cmake/Boost-1.74.0/BoostConfig.cmake (found version "1.74.0") found components: system filesystem date_time program_options thread 
[5.437s] -- Found Boost: /usr/lib/x86_64-linux-gnu/cmake/Boost-1.74.0/BoostConfig.cmake (found version "1.74.0") found components: date_time filesystem 
[5.583s] -- Found ament_lint_auto: 0.12.10 (/opt/ros/humble/share/ament_lint_auto/cmake)
[5.843s] -- Added test 'cppcheck' to perform static code analysis on C / C++ code
[5.846s] -- Configured cppcheck include dirs: /home/malik/interbotix_moveit/src/emse_rx150_benchmarks/include
[5.847s] -- Configured cppcheck exclude dirs and/or files: 
[5.853s] -- Added test 'lint_cmake' to check CMake code style
[5.859s] -- Added test 'xmllint' to check XML markup files
[5.875s] -- Configuring done
[6.643s] -- Generating done
[6.648s] -- Build files have been written to: /home/malik/interbotix_moveit/build/emse_rx150_benchmarks
[6.727s] [ 11%] [32mBuilding CXX object CMakeFiles/benchmark.dir/src/benchmark.cpp.o[0m
[6.728s] [35m[1mConsolidate compiler generated dependencies of target moveit_ros_benchmarks[0m
[8.658s] [ 44%] Built target moveit_ros_benchmarks
[8.742s] [35m[1mConsolidate compiler generated dependencies of target moveit_run_benchmark[0m
[8.746s] [35m[1mConsolidate compiler generated dependencies of target moveit_combine_predefined_poses_benchmark[0m
[8.827s] [ 66%] Built target moveit_run_benchmark
[8.828s] [ 88%] Built target moveit_combine_predefined_poses_benchmark
[20.749s] [01m[K/home/malik/interbotix_moveit/src/emse_rx150_benchmarks/src/benchmark.cpp:[m[K In constructor â€˜[01m[KMoveItBenchmark::MoveItBenchmark()[m[Kâ€™:
[20.749s] [01m[K/home/malik/interbotix_moveit/src/emse_rx150_benchmarks/src/benchmark.cpp:9:51:[m[K [01;31m[Kerror: [m[Kno matching function for call to â€˜[01m[Kmoveit::planning_interface::MoveGroupInterface::MoveGroupInterface(const char [15])[m[Kâ€™
[20.749s]     9 |     MoveItBenchmark() : Node("moveit_benchmark"), [01;31m[Kmove_group("interbotix_arm")[m[K {
[20.750s]       |                                                   [01;31m[K^~~~~~~~~~~~~~~~~~~~~~~~~~~~[m[K
[20.750s] In file included from [01m[K/home/malik/interbotix_moveit/src/emse_rx150_benchmarks/src/benchmark.cpp:2[m[K:
[20.750s] [01m[K/opt/ros/humble/include/moveit/move_group_interface/move_group_interface.h:159:3:[m[K [01;36m[Knote: [m[Kcandidate: â€˜[01m[Kmoveit::planning_interface::MoveGroupInterface::MoveGroupInterface(moveit::planning_interface::MoveGroupInterface&&)[m[Kâ€™
[20.750s]   159 |   [01;36m[KMoveGroupInterface[m[K(MoveGroupInterface&& other) noexcept;
[20.750s]       |   [01;36m[K^~~~~~~~~~~~~~~~~~[m[K
[20.750s] [01m[K/opt/ros/humble/include/moveit/move_group_interface/move_group_interface.h:159:43:[m[K [01;36m[Knote: [m[K  no known conversion for argument 1 from â€˜[01m[Kconst char [15][m[Kâ€™ to â€˜[01m[Kmoveit::planning_interface::MoveGroupInterface&&[m[Kâ€™
[20.750s]   159 |   MoveGroupInterface([01;36m[KMoveGroupInterface&& other[m[K) noexcept;
[20.750s]       |                      [01;36m[K~~~~~~~~~~~~~~~~~~~~~^~~~~[m[K
[20.750s] [01m[K/opt/ros/humble/include/moveit/move_group_interface/move_group_interface.h:145:3:[m[K [01;36m[Knote: [m[Kcandidate: â€˜[01m[Kmoveit::planning_interface::MoveGroupInterface::MoveGroupInterface(const SharedPtr&, const string&, const std::shared_ptr<tf2_ros::Buffer>&, const rclcpp::Duration&)[m[Kâ€™
[20.750s]   145 |   [01;36m[KMoveGroupInterface[m[K(const rclcpp::Node::SharedPtr& node, const std::string& group,
[20.750s]       |   [01;36m[K^~~~~~~~~~~~~~~~~~[m[K
[20.754s] [01m[K/opt/ros/humble/include/moveit/move_group_interface/move_group_interface.h:145:3:[m[K [01;36m[Knote: [m[K  candidate expects 4 arguments, 1 provided
[20.754s] [01m[K/opt/ros/humble/include/moveit/move_group_interface/move_group_interface.h:134:3:[m[K [01;36m[Knote: [m[Kcandidate: â€˜[01m[Kmoveit::planning_interface::MoveGroupInterface::MoveGroupInterface(const SharedPtr&, const moveit::planning_interface::MoveGroupInterface::Options&, const std::shared_ptr<tf2_ros::Buffer>&, const rclcpp::Duration&)[m[Kâ€™
[20.755s]   134 |   [01;36m[KMoveGroupInterface[m[K(const rclcpp::Node::SharedPtr& node, const Options& opt,
[20.755s]       |   [01;36m[K^~~~~~~~~~~~~~~~~~[m[K
[20.755s] [01m[K/opt/ros/humble/include/moveit/move_group_interface/move_group_interface.h:134:3:[m[K [01;36m[Knote: [m[K  candidate expects 4 arguments, 1 provided
[20.862s] [01m[K/home/malik/interbotix_moveit/src/emse_rx150_benchmarks/src/benchmark.cpp:[m[K In member function â€˜[01m[Kvoid MoveItBenchmark::performBenchmark()[m[Kâ€™:
[20.863s] [01m[K/home/malik/interbotix_moveit/src/emse_rx150_benchmarks/src/benchmark.cpp:67:45:[m[K [01;31m[Kerror: [m[Kâ€˜[01m[Kplan[m[Kâ€™ was not declared in this scope
[20.864s]    67 |             auto success = (move_group.plan([01;31m[Kplan[m[K) == moveit::planning_interface::MoveItErrorCode::SUCCESS);
[20.865s]       |                                             [01;31m[K^~~~[m[K
[20.865s] [01m[K/home/malik/interbotix_moveit/src/emse_rx150_benchmarks/src/benchmark.cpp:67:99:[m[K [01;35m[Kwarning: [m[Kâ€˜[01m[Kusing MoveItErrorCode = class moveit::core::MoveItErrorCode[m[Kâ€™ is deprecated: Use moveit::core::MoveItErrorCode [[01;35m[K]8;;https://gcc.gnu.org/onlinedocs/gcc/Warning-Options.html#index-Wdeprecated-declarations-Wdeprecated-declarations]8;;[m[K]
[20.866s]    67 |             auto success = (move_group.plan(plan) == moveit::planning_interface::MoveItErrorCode::[01;35m[KSUCCESS[m[K);
[20.866s]       |                                                                                                   [01;35m[K^~~~~~~[m[K
[20.866s] In file included from [01m[K/home/malik/interbotix_moveit/src/emse_rx150_benchmarks/src/benchmark.cpp:2[m[K:
[20.867s] [01m[K/opt/ros/humble/include/moveit/move_group_interface/move_group_interface.h:71:7:[m[K [01;36m[Knote: [m[Kdeclared here
[20.867s]    71 | using [01;36m[KMoveItErrorCode[m[K [[deprecated("Use moveit::core::MoveItErrorCode")]] = moveit::core::MoveItErrorCode;
[20.867s]       |       [01;36m[K^~~~~~~~~~~~~~~[m[K
[24.319s] gmake[2]: *** [CMakeFiles/benchmark.dir/build.make:76: CMakeFiles/benchmark.dir/src/benchmark.cpp.o] Error 1
[24.320s] gmake[1]: *** [CMakeFiles/Makefile2:169: CMakeFiles/benchmark.dir/all] Error 2
[24.320s] gmake: *** [Makefile:146: all] Error 2
[24.324s] Invoked command in '/home/malik/interbotix_moveit/build/emse_rx150_benchmarks' returned '2': CMAKE_PREFIX_PATH=${CMAKE_PREFIX_PATH}:/home/malik/interbotix_ws/install/interbotix_xs_modules:/home/malik/interbotix_ws/install/interbotix_perception_modules:/home/malik/interbotix_ws/install/interbotix_common_modules:/opt/ros/humble /usr/bin/cmake --build /home/malik/interbotix_moveit/build/emse_rx150_benchmarks -- -j4 -l4
